Turbo Assembler	 Version 4.1	    11/26/25 11:03:02	    Page 1
prac8.ASM



      1				     ideal
      2				     dosseg
      3	0000			     model small
      4	0000			     stack 256
      5
      6	0100			     dataseg
      7	0000  00			 codsal	 db  0
      8	0001  45 73 74 65 20 70	72+	 msj1	 db  'Este programa compara dos	cadenas', 13, 10, 0
      9	      6F 67 72 61 6D 61	20+
     10	      63 6F 6D 70 61 72	61+
     11	      20 64 6F 73 20 63	61+
     12	      64 65 6E 61 73 0D	0A+
     13	      00
     14	0025  44 61 6D 65 20 6C	61+	 msj2	 db  'Dame la cadena 1:	', 0
     15	      20 63 61 64 65 6E	61+
     16	      20 31 3A 20 00
     17	0038  44 61 6D 65 20 6C	61+	 msj3	 db  'Dame la cadena 2:	', 0
     18	      20 63 61 64 65 6E	61+
     19	      20 32 3A 20 00
     20	004B  20 3E 20 00		 msj4	 db  ' > ', 0
     21	004F  20 3C 20 00		 msj5	 db  ' < ', 0
     22	0053  20 3D 3D 20 00		 msj6	 db  ' == ', 0
     23	0058  0D 0A 00			 msj7	 db  13, 10, 0
     24
     25	005B  51*(??)			 cad1	 db  81	dup(?)
     26	00AC  51*(??)			 cad2	 db  81	dup(?)
     27	00FD  51*(??)			 resp	 db  81	dup(?)
     28
     29	014E			     codeseg
     30					 extrn astrcat:proc, astrcmp:proc
     31					 extrn aputs:proc, agets:proc
     32
     33	0000			     inicio:
     34	0000  B8 0000s			 mov ax, @data
     35	0003  8E D8			 mov ds, ax
     36	0005  8E C0			 mov es, ax
     37
     38					 ; 1. Mensaje de bienvenida
     39	0007  BE 0001r			 mov si, offset	msj1
     40	000A  E8 0000e			 call aputs
     41
     42					 ; 2. Pedir cadena 1
     43	000D  BE 0025r			 mov si, offset	msj2
     44	0010  E8 0000e			 call aputs
     45
     46					 ; 3. Leer cadena 1
     47	0013  BF 005Br			 mov di, offset	cad1
     48	0016  E8 0000e			 call agets
     49
     50					 ; 4. Pedir cadena 2
     51	0019  BE 0038r			 mov si, offset	msj3
     52	001C  E8 0000e			 call aputs
     53
     54					 ; 5. Leer cadena 2
     55	001F  BF 00ACr			 mov di, offset	cad2
     56	0022  E8 0000e			 call agets
     57
Turbo Assembler	 Version 4.1	    11/26/25 11:03:02	    Page 2
prac8.ASM



     58					 ; 6. Comparar las cadenas
     59	0025  BE 005Br			 mov si, offset	cad1
     60	0028  BF 00ACr			 mov di, offset	cad2
     61	002B  E8 0000e			 call astrcmp
     62
     63					 ; 7. Formacion	de la cadena de	respuesta
     64
     65					 ; limpiar variable resp
     66	002E  C6 06 00FDr 00		 mov [byte resp], 0
     67
     68					 ; concatenar cadena 1 a resp
     69	0033  BF 00FDr			 mov di, offset	resp
     70	0036  BE 005Br			 mov si, offset	cad1
     71	0039  E8 0000e			 call astrcat
     72
     73					 ; checar el resultado de la comparacion
     74					 ; decidimos que signo poner (>, < o =)
     75	003C  BE 004Br			 mov si, offset	msj4   ; preparamos signo Mayor
     76	003F  3D 0000			 cmp ax, 0
     77	0042  7F 08			 jg sigue	       ; si ax > 0, saltar a pegar
     78
     79	0044  BE 004Fr			 mov si, offset	msj5   ; preparamos signo Menor
     80	0047  7C 03			 jl sigue	       ; si ax < 0, saltar a pegar
     81
     82	0049  BE 0053r			 mov si, offset	msj6   ; si no,	es signo Igual
     83
     84	004C			     sigue:
     85					 ; concatenar el signo elegido
     86	004C  E8 0000e			 call astrcat
     87
     88					 ; concatenar cadena 2
     89	004F  BE 00ACr			 mov si, offset	cad2
     90	0052  E8 0000e			 call astrcat
     91
     92					 ; concatenar salto de linea final
     93	0055  BE 0058r			 mov si, offset	msj7
     94	0058  E8 0000e			 call astrcat
     95
     96					 ; 8. Mostrar resultado	final
     97	005B  8B F7			 mov si, di    ; DI ya apunta al inicio	de resp	(o usamos offset resp)
     98	005D  E8 0000e			 call aputs
     99
    100	0060			     salir:
    101	0060  B4 4C			 mov ah, 04Ch
    102	0062  A0 0000r			 mov al, [codsal]
    103	0065  CD 21			 int 21h
    104
    105				     end inicio
Turbo Assembler	 Version 4.1	    11/26/25 11:03:02	    Page 3
Symbol Table




Symbol Name			  Type	 Value

??DATE				  Text	 "11/26/25"
??FILENAME			  Text	 "prac8	  "
??TIME				  Text	 "11:03:02"
??VERSION			  Number 040A
@32BIT				  Text	 0
@CODE				  Text	 _TEXT
@CODESIZE			  Text	 0
@CPU				  Text	 0101H
@CURSEG				  Text	 _TEXT
@DATA				  Text	 DGROUP
@DATASIZE			  Text	 0
@FILENAME			  Text	 PRAC8
@INTERFACE			  Text	 000H
@MODEL				  Text	 2
@STACK				  Text	 DGROUP
@WORDSIZE			  Text	 2
AGETS				  Near	 _TEXT:---- Extern
APUTS				  Near	 _TEXT:---- Extern
ASTRCAT				  Near	 _TEXT:---- Extern
ASTRCMP				  Near	 _TEXT:---- Extern
CAD1				  Byte	 DGROUP:005B
CAD2				  Byte	 DGROUP:00AC
CODSAL				  Byte	 DGROUP:0000
INICIO				  Near	 _TEXT:0000
MSJ1				  Byte	 DGROUP:0001
MSJ2				  Byte	 DGROUP:0025
MSJ3				  Byte	 DGROUP:0038
MSJ4				  Byte	 DGROUP:004B
MSJ5				  Byte	 DGROUP:004F
MSJ6				  Byte	 DGROUP:0053
MSJ7				  Byte	 DGROUP:0058
RESP				  Byte	 DGROUP:00FD
SALIR				  Near	 _TEXT:0060
SIGUE				  Near	 _TEXT:004C

Groups & Segments		  Bit Size Align  Combine Class

DGROUP				  Group
  STACK				  16  0100 Para	  Stack	  STACK
  _DATA				  16  014E Word	  Public  DATA
_TEXT				  16  0067 Word	  Public  CODE
