Turbo Assembler	 Version 4.1	    12/03/25 15:30:12	    Page 1
main.ASM



      1				     ideal
      2				     dosseg
      3	0000			     model small
      4	0000			     stack 256
      5
      6	0100			     dataseg
      7	0000  00			 codsal	db 0
      8	0001  45 73 63 72 69 62	65+	 msg1 db 'Escribe la: ', 0
      9	      20 6C 61 3A 20 00
     10	000E  15*(??)			 entrada  db 21	dup(?)
     11
     12	0023			     codeseg
     13					 extrn aputs:proc,astrcat:proc,agets:proc,sscan:proc,itoa:proc,itoa_hex:proc,itoa_bin:proc
     14	0000			     inicio:
     15	0000  B8 0000s			 mov ax,@data
     16	0003  8E D8			 mov ds,ax
     17	0005  8E C0			 mov es,ax
     18
     19					 ; 1. Pedir dato
     20	0007  BE 0001r			 mov si, offset	msg1
     21	000A  E8 0000e			 call aputs
     22
     23					 ; 2. Leer dato
     24	000D  BF 000Er			 mov di, offset	entrada
     25	0010  B9 0014			 mov cx, 20
     26	0013  E8 0000e			 call agets
     27
     28	0016			     fin:
     29	0016  B4 4C			 mov ah, 04Ch
     30	0018  A0 0000r			 mov al,[codsal]
     31	001B  CD 21			 int 21h
     32
     33				     end inicio
Turbo Assembler	 Version 4.1	    12/03/25 15:30:12	    Page 2
Symbol Table




Symbol Name			  Type	 Value

??DATE				  Text	 "12/03/25"
??FILENAME			  Text	 "main	  "
??TIME				  Text	 "15:30:12"
??VERSION			  Number 040A
@32BIT				  Text	 0
@CODE				  Text	 _TEXT
@CODESIZE			  Text	 0
@CPU				  Text	 0101H
@CURSEG				  Text	 _TEXT
@DATA				  Text	 DGROUP
@DATASIZE			  Text	 0
@FILENAME			  Text	 MAIN
@INTERFACE			  Text	 000H
@MODEL				  Text	 2
@STACK				  Text	 DGROUP
@WORDSIZE			  Text	 2
AGETS				  Near	 _TEXT:---- Extern
APUTS				  Near	 _TEXT:---- Extern
ASTRCAT				  Near	 _TEXT:---- Extern
CODSAL				  Byte	 DGROUP:0000
ENTRADA				  Byte	 DGROUP:000E
FIN				  Near	 _TEXT:0016
INICIO				  Near	 _TEXT:0000
ITOA				  Near	 _TEXT:---- Extern
ITOA_BIN			  Near	 _TEXT:---- Extern
ITOA_HEX			  Near	 _TEXT:---- Extern
MSG1				  Byte	 DGROUP:0001
SSCAN				  Near	 _TEXT:---- Extern

Groups & Segments		  Bit Size Align  Combine Class

DGROUP				  Group
  STACK				  16  0100 Para	  Stack	  STACK
  _DATA				  16  0023 Word	  Public  DATA
_TEXT				  16  001D Word	  Public  CODE
